[00:50:37.095 Verbose] - BuildManager - C:\Users\Mohamed\Documents\ead\ca3\ca3\Program.cs(23,40): error CS0246: The type or namespace name 'App' could not be found (are you missing a using directive or an assembly reference?)
[00:50:37.095 Verbose] - BuildManager - C:\Program Files (x86)\Microsoft Visual Studio\2019\Enterprise\MSBuild\Current\Bin\Roslyn\Microsoft.CSharp.Core.targets(71,5): error MSB4181: The "Csc" task returned false but did not log an error.
[00:50:37.098 Verbose] - BuildManager - Some of the file paths defined in the csproj under the Live Unit Testing build path are missing. Verify whether these files should be present under the Live Unit Testing build path and if necessary update the csproj definition to look these files up in a different place.
[00:50:37.099 Verbose] - BuildManager - Item _OutputPathItem 'C:\Users\Mohamed\Documents\ead\ca3\.vs\ca3\v16\lut\0\b\ca3\bin\Debug\net5.0\' evaluated via:
_OutputPathItem: '$(OutDir)' @ C:\Program Files (x86)\Microsoft Visual Studio\2019\Enterprise\MSBuild\Current\Bin\Microsoft.Common.CurrentVersion.targets:310
  OutDir: 'C:\Users\Mohamed\Documents\ead\ca3\.vs\ca3\v16\lut\0\b\ca3\bin\Debug\net5.0\' @ C:\Users\Mohamed\Documents\ead\ca3\ca3\ca3.csproj:0
[00:50:37.099 Verbose] - BuildManager - Item AppConfigFileDestination 'C:\Users\Mohamed\Documents\ead\ca3\.vs\ca3\v16\lut\0\b\ca3\bin\Debug\net5.0\ca3.dll.config' evaluated via:
AppConfigFileDestination: '$(OutDir)$(TargetFileName).config' @ C:\Program Files (x86)\Microsoft Visual Studio\2019\Enterprise\MSBuild\Current\Bin\Microsoft.Common.CurrentVersion.targets:338
  OutDir: 'C:\Users\Mohamed\Documents\ead\ca3\.vs\ca3\v16\lut\0\b\ca3\bin\Debug\net5.0\' @ C:\Users\Mohamed\Documents\ead\ca3\ca3\ca3.csproj:0
  TargetFileName: '$(TargetName)$(TargetExt)' @ C:\Program Files (x86)\Microsoft Visual Studio\2019\Enterprise\MSBuild\Current\Bin\Microsoft.Common.CurrentVersion.targets:248
    TargetName: '$(AssemblyName)' @ C:\Program Files (x86)\Microsoft Visual Studio\2019\Enterprise\MSBuild\Current\Bin\Microsoft.Common.CurrentVersion.targets:240
      AssemblyName: '$(MSBuildProjectName)' @ C:\Program Files\dotnet\sdk\5.0.402\Sdks\Microsoft.NET.Sdk\targets\Microsoft.NET.Sdk.props:32
        MSBuildProjectName: 'ca3'
    TargetExt: '.dll' @ C:\Program Files\dotnet\sdk\5.0.402\Sdks\Microsoft.NET.Sdk\targets\Microsoft.NET.Sdk.BeforeCommon.targets:99
[00:50:37.099 Verbose] - BuildManager - Item CreateDirectory 'C:\Users\Mohamed\Documents\ead\ca3\.vs\ca3\v16\lut\0\b\ca3\bin\Debug\net5.0\ref' evaluated via:
CreateDirectory: '$(OutDir)ref' @ C:\Program Files (x86)\Microsoft Visual Studio\2019\Enterprise\MSBuild\Current\Bin\Microsoft.Common.CurrentVersion.targets:398
  OutDir: 'C:\Users\Mohamed\Documents\ead\ca3\.vs\ca3\v16\lut\0\b\ca3\bin\Debug\net5.0\' @ C:\Users\Mohamed\Documents\ead\ca3\ca3\ca3.csproj:0
[00:50:37.099 Verbose] - BuildManager - Item _DebugSymbolsOutputPath 'C:\Users\Mohamed\Documents\ead\ca3\.vs\ca3\v16\lut\0\b\ca3\bin\Debug\net5.0\ca3.pdb' evaluated via:
_DebugSymbolsOutputPath: '@(_DebugSymbolsIntermediatePath->'$(OutDir)%(Filename)%(Extension)')' @ C:\Program Files (x86)\Microsoft Visual Studio\2019\Enterprise\MSBuild\Current\Bin\Microsoft.Common.CurrentVersion.targets:404
  OutDir: 'C:\Users\Mohamed\Documents\ead\ca3\.vs\ca3\v16\lut\0\b\ca3\bin\Debug\net5.0\' @ C:\Users\Mohamed\Documents\ead\ca3\ca3\ca3.csproj:0
[00:50:37.099 Verbose] - BuildManager - Item _ApplicationManifestFinal 'C:\Users\Mohamed\Documents\ead\ca3\.vs\ca3\v16\lut\0\b\ca3\bin\Debug\net5.0\ca3.dll.manifest' evaluated via:
_ApplicationManifestFinal: '$(OutDir)$(_DeploymentTargetApplicationManifestFileName)' @ C:\Program Files (x86)\Microsoft Visual Studio\2019\Enterprise\MSBuild\Current\Bin\Microsoft.Common.CurrentVersion.targets:442
  OutDir: 'C:\Users\Mohamed\Documents\ead\ca3\.vs\ca3\v16\lut\0\b\ca3\bin\Debug\net5.0\' @ C:\Users\Mohamed\Documents\ead\ca3\ca3\ca3.csproj:0
  _DeploymentTargetApplicationManifestFileName: '$(TargetFileName).manifest' @ C:\Program Files (x86)\Microsoft Visual Studio\2019\Enterprise\MSBuild\Current\Bin\Microsoft.Common.CurrentVersion.targets:268
    TargetFileName: '$(TargetName)$(TargetExt)' @ C:\Program Files (x86)\Microsoft Visual Studio\2019\Enterprise\MSBuild\Current\Bin\Microsoft.Common.CurrentVersion.targets:248
      TargetName: '$(AssemblyName)' @ C:\Program Files (x86)\Microsoft Visual Studio\2019\Enterprise\MSBuild\Current\Bin\Microsoft.Common.CurrentVersion.targets:240
        AssemblyName: '$(MSBuildProjectName)' @ C:\Program Files\dotnet\sdk\5.0.402\Sdks\Microsoft.NET.Sdk\targets\Microsoft.NET.Sdk.props:32
          MSBuildProjectName: 'ca3'
      TargetExt: '.dll' @ C:\Program Files\dotnet\sdk\5.0.402\Sdks\Microsoft.NET.Sdk\targets\Microsoft.NET.Sdk.BeforeCommon.targets:99
